TN:
SF:src/database/db.js
FN:14,(anonymous_0)
FN:18,(anonymous_1)
FNF:2
FNH:2
FNDA:2,(anonymous_0)
FNDA:2,(anonymous_1)
DA:1,1
DA:2,1
DA:5,1
DA:14,1
DA:15,2
DA:18,1
DA:20,2
DA:21,2
DA:23,1
DA:26,2
DA:30,1
LF:11
LH:11
BRDA:26,0,0,1
BRDA:26,0,1,1
BRF:2
BRH:2
end_of_record
TN:
SF:src/env/index.js
FNF:0
FNH:0
DA:2,6
DA:3,6
DA:4,6
DA:5,6
DA:6,6
DA:8,6
DA:9,6
DA:10,6
DA:12,6
DA:13,1
DA:14,1
DA:17,5
DA:18,1
DA:19,1
DA:22,4
LF:15
LH:15
BRDA:2,0,0,6
BRDA:2,0,1,3
BRDA:3,1,0,6
BRDA:3,1,1,1
BRDA:4,2,0,6
BRDA:4,2,1,1
BRDA:5,3,0,6
BRDA:5,3,1,6
BRDA:6,4,0,6
BRDA:6,4,1,5
BRDA:8,5,0,6
BRDA:8,5,1,5
BRDA:9,6,0,6
BRDA:9,6,1,5
BRDA:10,7,0,6
BRDA:10,7,1,5
BRDA:12,8,0,1
BRDA:12,8,1,5
BRDA:17,9,0,1
BRDA:17,9,1,4
BRF:20
BRH:20
end_of_record
TN:
SF:src/middleware/jwt.js
FN:6,(anonymous_0)
FN:16,(anonymous_1)
FNF:2
FNH:2
FNDA:5,(anonymous_0)
FNDA:6,(anonymous_1)
DA:1,1
DA:2,1
DA:4,1
DA:6,1
DA:7,5
DA:8,5
DA:10,4
DA:12,1
DA:16,1
DA:17,6
DA:19,6
DA:20,1
DA:23,5
DA:24,5
DA:25,2
DA:28,3
DA:29,3
DA:30,2
DA:32,2
DA:34,1
DA:36,3
DA:39,1
LF:22
LH:22
BRDA:19,0,0,1
BRDA:19,0,1,5
BRDA:24,1,0,2
BRDA:24,1,1,3
BRF:4
BRH:4
end_of_record
TN:
SF:src/utils/index.js
FNF:0
FNH:0
DA:1,2
LF:1
LH:1
BRF:0
BRH:0
end_of_record
TN:
SF:src/utils/jwt.js
FN:4,getSecretByRole
FN:15,(anonymous_1)
FN:33,(anonymous_2)
FNF:3
FNH:3
FNDA:6,getSecretByRole
FNDA:27,(anonymous_1)
FNDA:27,(anonymous_2)
DA:1,2
DA:2,2
DA:5,6
DA:7,2
DA:9,3
DA:11,1
DA:15,2
DA:16,27
DA:18,26
DA:19,23
DA:20,23
DA:22,18
DA:23,18
DA:25,11
DA:26,11
DA:28,3
DA:30,2
DA:33,2
DA:34,27
DA:36,27
DA:38,2
DA:40,2
DA:42,2
DA:44,2
DA:47,2
LF:25
LH:25
BRDA:5,0,0,2
BRDA:5,0,1,3
BRDA:5,0,2,1
BRDA:16,1,0,1
BRDA:16,1,1,26
BRDA:18,2,0,3
BRDA:18,2,1,23
BRDA:20,3,0,5
BRDA:20,3,1,18
BRDA:23,4,0,7
BRDA:23,4,1,11
BRDA:26,5,0,8
BRDA:26,5,1,3
BRDA:28,6,0,1
BRDA:28,6,1,2
BRDA:36,7,0,25
BRDA:36,7,1,2
BRF:17
BRH:17
end_of_record
TN:
SF:src/validate/index.js
FN:1,(anonymous_0)
FN:3,(anonymous_1)
FN:5,(anonymous_2)
FN:13,(anonymous_3)
FNF:4
FNH:4
FNDA:16,(anonymous_0)
FNDA:10,(anonymous_1)
FNDA:29,(anonymous_2)
FNDA:38,(anonymous_3)
DA:1,16
DA:3,10
DA:5,3
DA:6,29
DA:7,22
DA:8,16
DA:10,14
DA:13,3
DA:14,38
DA:15,37
DA:17,33
DA:18,28
DA:19,5
DA:20,2
DA:21,3
DA:22,2
DA:25,24
DA:28,3
LF:18
LH:18
BRDA:6,0,0,7
BRDA:6,0,1,22
BRDA:7,1,0,6
BRDA:7,1,1,16
BRDA:8,2,0,2
BRDA:8,2,1,14
BRDA:14,3,0,1
BRDA:14,3,1,37
BRDA:15,4,0,4
BRDA:15,4,1,33
BRDA:17,5,0,28
BRDA:17,5,1,5
BRDA:17,6,0,33
BRDA:17,6,1,30
BRDA:18,7,0,7
BRDA:18,7,1,21
BRDA:18,8,0,28
BRDA:18,8,1,27
BRDA:19,9,0,2
BRDA:19,9,1,3
BRDA:19,10,0,5
BRDA:19,10,1,2
BRDA:20,11,0,1
BRDA:20,11,1,1
BRDA:21,12,0,2
BRDA:21,12,1,1
BRDA:21,13,0,3
BRDA:21,13,1,3
BRDA:22,14,0,1
BRDA:22,14,1,1
BRF:30
BRH:30
end_of_record
